TN:
SF:/Users/ikoob/Documents/RealPitch/common/api.js
FN:5,httpGet
FN:6,_callee
FN:19,(anonymous_6)
FN:24,httpPost
FN:25,_callee2
FN:38,(anonymous_10)
FNF:6
FNH:0
FNDA:0,httpGet
FNDA:0,_callee
FNDA:0,(anonymous_6)
FNDA:0,httpPost
FNDA:0,_callee2
FNDA:0,(anonymous_10)
DA:3,1
DA:5,1
DA:6,0
DA:7,0
DA:9,0
DA:14,0
DA:16,0
DA:20,0
DA:24,1
DA:25,0
DA:26,0
DA:28,0
DA:33,0
DA:35,0
DA:39,0
LF:15
LH:3
BRDA:6,1,0,0
BRDA:6,1,1,0
BRDA:6,1,2,0
BRDA:6,1,3,0
BRDA:6,1,4,0
BRDA:25,2,0,0
BRDA:25,2,1,0
BRDA:25,2,2,0
BRDA:25,2,3,0
BRDA:25,2,4,0
BRF:10
BRH:0
end_of_record
TN:
SF:/Users/ikoob/Documents/RealPitch/src/actions/login.js
FN:9,setUID
FN:17,login
FN:18,(anonymous_4)
FN:19,_callee
FN:30,createUser
FN:31,(anonymous_8)
FN:32,_callee2
FNF:7
FNH:0
FNDA:0,setUID
FNDA:0,login
FNDA:0,(anonymous_4)
FNDA:0,_callee
FNDA:0,createUser
FNDA:0,(anonymous_8)
FNDA:0,_callee2
DA:3,1
DA:4,1
DA:5,1
DA:8,1
DA:9,1
DA:10,0
DA:17,1
DA:18,0
DA:19,0
DA:20,0
DA:24,0
DA:30,1
DA:31,0
DA:32,0
DA:33,0
DA:37,0
LF:16
LH:7
BRDA:19,1,0,0
BRDA:19,1,1,0
BRDA:19,1,2,0
BRDA:19,1,3,0
BRDA:24,2,0,0
BRDA:24,2,1,0
BRDA:24,3,0,0
BRDA:24,3,1,0
BRDA:32,4,0,0
BRDA:32,4,1,0
BRDA:32,4,2,0
BRDA:32,4,3,0
BRDA:37,5,0,0
BRDA:37,5,1,0
BRDA:37,6,0,0
BRDA:37,6,1,0
BRF:16
BRH:0
end_of_record
TN:
SF:/Users/ikoob/Documents/RealPitch/src/actions/newsfeed.js
FN:9,updateNewsfeedCards
FN:19,updateAddResult
FN:27,fetchNewsfeedData
FN:28,(anonymous_5)
FN:29,_callee
FN:43,addNewMusic
FN:44,(anonymous_9)
FN:45,_callee2
FNF:8
FNH:0
FNDA:0,updateNewsfeedCards
FNDA:0,updateAddResult
FNDA:0,fetchNewsfeedData
FNDA:0,(anonymous_5)
FNDA:0,_callee
FNDA:0,addNewMusic
FNDA:0,(anonymous_9)
FNDA:0,_callee2
DA:3,1
DA:4,1
DA:5,1
DA:8,1
DA:9,1
DA:10,0
DA:18,1
DA:19,1
DA:20,0
DA:27,1
DA:28,0
DA:29,0
DA:30,0
DA:34,0
DA:35,0
DA:37,0
DA:43,1
DA:44,0
DA:45,0
DA:46,0
DA:51,0
LF:21
LH:9
BRDA:29,1,0,0
BRDA:29,1,1,0
BRDA:29,1,2,0
BRDA:29,1,3,0
BRDA:29,1,4,0
BRDA:29,1,5,0
BRDA:29,2,0,0
BRDA:29,2,1,0
BRDA:45,3,0,0
BRDA:45,3,1,0
BRDA:45,3,2,0
BRDA:45,3,3,0
BRF:12
BRH:0
end_of_record
TN:
SF:/Users/ikoob/Documents/RealPitch/src/reducers/login.js
FN:3,login
FNF:1
FNH:1
FNDA:3,login
DA:1,1
DA:3,3
DA:4,3
DA:7,2
DA:12,1
LF:5
LH:5
BRDA:3,1,0,1
BRDA:3,1,1,2
BRDA:3,2,0,3
BRDA:3,2,1,3
BRDA:6,3,0,2
BRDA:6,3,1,1
BRF:6
BRH:6
end_of_record
TN:
SF:/Users/ikoob/Documents/RealPitch/src/reducers/newsfeed.js
FN:3,newsfeed
FNF:1
FNH:0
FNDA:0,newsfeed
DA:1,1
DA:3,1
DA:4,0
DA:7,0
DA:14,0
DA:19,0
LF:6
LH:2
BRDA:3,1,0,0
BRDA:3,1,1,0
BRDA:3,2,0,0
BRDA:3,2,1,0
BRDA:6,3,0,0
BRDA:6,3,1,0
BRDA:6,3,2,0
BRF:7
BRH:0
end_of_record
TN:
SF:/Users/ikoob/Documents/RealPitch/src/snapshots/newsfeed.js
FNF:0
FNH:0
DA:2,0
DA:3,0
DA:4,0
DA:8,0
DA:12,0
DA:16,0
DA:20,0
DA:24,0
DA:30,0
LF:9
LH:0
BRF:0
BRH:0
end_of_record
